2015-02-19 12:34:45 Error: [MissingViewException] View file "Posts/index.ctp" is missing.
Exception Attributes: array (
  'file' => 'Posts/index.ctp',
)
Request URL: /posts
Stack Trace:
#0 /home/lmeng/repos/cakephp/lib/Cake/View/View.php(470): View->_getViewFileName(NULL)
#1 /home/lmeng/repos/cakephp/lib/Cake/Controller/Controller.php(960): View->render(NULL, NULL)
#2 /home/lmeng/repos/cakephp/lib/Cake/Routing/Dispatcher.php(200): Controller->render()
#3 /home/lmeng/repos/cakephp/lib/Cake/Routing/Dispatcher.php(167): Dispatcher->_invoke(Object(PostsController), Object(CakeRequest))
#4 /home/lmeng/repos/cakephp/app/webroot/index.php(118): Dispatcher->dispatch(Object(CakeRequest), Object(CakeResponse))
#5 {main}
2015-02-19 12:38:29 Error: [MissingViewException] View file "Posts/view.ctp" is missing.
Exception Attributes: array (
  'file' => 'Posts/view.ctp',
)
Request URL: /posts/view/1
Stack Trace:
#0 /home/lmeng/repos/cakephp/lib/Cake/View/View.php(470): View->_getViewFileName(NULL)
#1 /home/lmeng/repos/cakephp/lib/Cake/Controller/Controller.php(960): View->render(NULL, NULL)
#2 /home/lmeng/repos/cakephp/lib/Cake/Routing/Dispatcher.php(200): Controller->render()
#3 /home/lmeng/repos/cakephp/lib/Cake/Routing/Dispatcher.php(167): Dispatcher->_invoke(Object(PostsController), Object(CakeRequest))
#4 /home/lmeng/repos/cakephp/app/webroot/index.php(118): Dispatcher->dispatch(Object(CakeRequest), Object(CakeResponse))
#5 {main}
2015-02-19 12:39:24 Error: [NotFoundException] Invalid post
Request URL: /posts/view/4
Stack Trace:
#0 [internal function]: PostsController->view('4')
#1 /home/lmeng/repos/cakephp/lib/Cake/Controller/Controller.php(490): ReflectionMethod->invokeArgs(Object(PostsController), Array)
#2 /home/lmeng/repos/cakephp/lib/Cake/Routing/Dispatcher.php(193): Controller->invokeAction(Object(CakeRequest))
#3 /home/lmeng/repos/cakephp/lib/Cake/Routing/Dispatcher.php(167): Dispatcher->_invoke(Object(PostsController), Object(CakeRequest))
#4 /home/lmeng/repos/cakephp/app/webroot/index.php(118): Dispatcher->dispatch(Object(CakeRequest), Object(CakeResponse))
#5 {main}
